<?xml version="1.0" encoding="UTF-8"?>
<!-- Generated by org.testng.reporters.JUnitReportReporter -->
<testsuite hostname="DESKTOP-GSAVH5P" failures="0" tests="1" name="TestRunner.Run" time="17.654" errors="0" timestamp="2024-11-05T18:39:51 IST" skipped="0">
  <testcase classname="TestRunner.Run" name="runScenario" time="17.654"/>
</testsuite> <!-- TestRunner.Run -->
